<?xml version="1.0" encoding="UTF-8"?>
<!-- Generated by org.testng.reporters.JUnitReportReporter -->
<testsuite hostname="nw13" failures="0" tests="1" name="com.example.MiniTest" time="9.583" errors="0" timestamp="2025-04-24T15:47:29 IST" skipped="0">
  <testcase classname="com.example.MiniTest" name="simpleTest" time="9.583"/>
</testsuite> <!-- com.example.MiniTest -->
