<?xml version="1.0" encoding="UTF-8"?>
<!-- Generated by org.testng.reporters.JUnitReportReporter -->
<testsuite hostname="nw13" failures="0" tests="1" name="com.example.AppTest" time="0.004" errors="0" timestamp="2025-04-24T15:47:30 IST" skipped="0">
  <testcase classname="com.example.AppTest" name="shouldAnswerWithTrue" time="0.004"/>
</testsuite> <!-- com.example.AppTest -->
